<?xml version="1.0" encoding="UTF-8"?>
<!-- Generated by org.testng.reporters.JUnitReportReporter -->
<testsuite hostname="DESKTOP-EP7VN80" failures="0" tests="1" name="CMDS_SIT_Testcases.cmdsDemo" time="22.282" errors="0" timestamp="2024-02-07T15:43:50 IST" skipped="0">
  <testcase classname="CMDS_SIT_Testcases.cmdsDemo" name="abc" time="22.282"/>
  <system-out/>
</testsuite> <!-- CMDS_SIT_Testcases.cmdsDemo -->
