<?xml version="1.0" encoding="UTF-8"?>
<!-- Generated by org.testng.reporters.JUnitReportReporter -->
<testsuite hostname="DESKTOP-2M554LG" failures="0" tests="1" name="CMDS_SIT_Testcases.cmdsAddUser" time="118.372" errors="0" timestamp="2024-02-21T16:28:16 IST" skipped="0">
  <testcase classname="CMDS_SIT_Testcases.cmdsAddUser" name="abc" time="118.372"/>
  <system-out/>
</testsuite> <!-- CMDS_SIT_Testcases.cmdsAddUser -->
